Using pre-set license
Built from '2020.2/release' branch; Version is '2020.2.1f1 (270dd8c3da1c) revision 2559448'; Using compiler version '192528614'; Build Type 'Release'
OS: 'Windows 10  (10.0.0) 64bit' Language: 'tr' Physical Memory: 16333 MB
BatchMode: 1, IsHumanControllingUs: 0, StartBugReporterOnCrash: 0, Is64bit: 1, IsPro: 0

 COMMAND LINE ARGUMENTS:
C:\Program Files\Unity\Editor\2020.2.1f1\Editor\Unity.exe
-adb2
-batchMode
-noUpm
-name
AssetImportWorker0
-projectPath
C:/Workspace/github/Udemy3DProject1/Udemy3DProject
-logFile
Logs/AssetImportWorker0.log
-srvPort
50536
Successfully changed project path to: C:/Workspace/github/Udemy3DProject1/Udemy3DProject
C:/Workspace/github/Udemy3DProject1/Udemy3DProject
Using Asset Import Pipeline V2.
Refreshing native plugins compatible for Editor in 37.74 ms, found 0 plugins.
Preloading 0 native plugins for Editor in 0.00 ms.
Initialize engine version: 2020.2.1f1 (270dd8c3da1c)
[Subsystems] Discovering subsystems at path C:/Program Files/Unity/Editor/2020.2.1f1/Editor/Data/Resources/UnitySubsystems
[Subsystems] Discovering subsystems at path C:/Workspace/github/Udemy3DProject1/Udemy3DProject/Assets
GfxDevice: creating device client; threaded=0
Direct3D:
    Version:  Direct3D 11.0 [level 11.1]
    Renderer: NVIDIA GeForce GTX 1660 SUPER (ID=0x21c4)
    Vendor:   
    VRAM:     5980 MB
    Driver:   31.0.15.3179
Initialize mono
Mono path[0] = 'C:/Program Files/Unity/Editor/2020.2.1f1/Editor/Data/Managed'
Mono path[1] = 'C:/Program Files/Unity/Editor/2020.2.1f1/Editor/Data/MonoBleedingEdge/lib/mono/unityjit'
Mono config path = 'C:/Program Files/Unity/Editor/2020.2.1f1/Editor/Data/MonoBleedingEdge/etc'
Using monoOptions --debugger-agent=transport=dt_socket,embedding=1,server=y,suspend=n,address=127.0.0.1:56608
Begin MonoManager ReloadAssembly
Registering precompiled unity dll's ...
Register platform support module: C:/Program Files/Unity/Editor/2020.2.1f1/Editor/Data/PlaybackEngines/WebGLSupport/UnityEditor.WebGL.Extensions.dll
Register platform support module: C:/Program Files/Unity/Editor/2020.2.1f1/Editor/Data/PlaybackEngines/WindowsStandaloneSupport/UnityEditor.WindowsStandalone.Extensions.dll
Registered in 0.002141 seconds.
Native extension for WindowsStandalone target not found
Native extension for WebGL target not found
Refreshing native plugins compatible for Editor in 38.90 ms, found 0 plugins.
Preloading 0 native plugins for Editor in 0.00 ms.
Invoked RoslynAnalysisRunner static constructor.
RoslynAnalysisRunner will not be running.
RoslynAnalysisRunner has terminated.
Mono: successfully reloaded assembly
- Completed reload, in  1.036 seconds
Platform modules already initialized, skipping
Registering precompiled user dll's ...
Registered in 0.000745 seconds.
Begin MonoManager ReloadAssembly
Native extension for WindowsStandalone target not found
Native extension for WebGL target not found
Refreshing native plugins compatible for Editor in 39.59 ms, found 0 plugins.
Preloading 0 native plugins for Editor in 0.00 ms.
Invoked RoslynAnalysisRunner static constructor.
RoslynAnalysisRunner will not be running.
RoslynAnalysisRunner has terminated.
Mono: successfully reloaded assembly
- Completed reload, in  0.930 seconds
Platform modules already initialized, skipping
========================================================================
Worker process is ready to serve import requests
Launched and connected shader compiler UnityShaderCompiler.exe after 0.02 seconds
Refreshing native plugins compatible for Editor in 0.42 ms, found 0 plugins.
Preloading 0 native plugins for Editor in 0.00 ms.
Unloading 1941 Unused Serialized files (Serialized files now loaded: 0)
System memory in use before: 91.4 MB.
System memory in use after: 91.4 MB.

Unloading 108 unused Assets to reduce memory usage. Loaded Objects now: 2377.
Total: 2.392600 ms (FindLiveObjects: 0.231300 ms CreateObjectMapping: 0.051900 ms MarkObjects: 1.935800 ms  DeleteObjects: 0.172500 ms)

========================================================================
Received Import Request.
  path: Assets/GameFolders/Materials/Materials/StartFloorMat.mat
  artifactKey: Guid(2d1b6fd5e784f1f4ca5055e56dfc976c) Importer(815301076,1909f56bfc062723c751e8b465ee728b)
Start importing Assets/GameFolders/Materials/Materials/StartFloorMat.mat using Guid(2d1b6fd5e784f1f4ca5055e56dfc976c) Importer(815301076,1909f56bfc062723c751e8b465ee728b)  -> (artifact id: '6db316641621a31120278b4f03e6847d') in 0.099181 seconds
  Import took 0.102021 seconds .

========================================================================
Received Import Request.
  Time since last request: 272.362587 seconds.
  path: Assets/GameFolders/Scripts/Absta
  artifactKey: Guid(a85c1166991b57e45a1efba9e8381be2) Importer(815301076,1909f56bfc062723c751e8b465ee728b)
Start importing Assets/GameFolders/Scripts/Absta using Guid(a85c1166991b57e45a1efba9e8381be2) Importer(815301076,1909f56bfc062723c751e8b465ee728b)  -> (artifact id: '271ed8d5cca9aa94c2addbd081a687c7') in 0.009166 seconds
  Import took 0.012534 seconds .

========================================================================
Received Import Request.
  Time since last request: 12.625256 seconds.
  path: Assets/GameFolders/Scripts/Abstracts
  artifactKey: Guid(a85c1166991b57e45a1efba9e8381be2) Importer(815301076,1909f56bfc062723c751e8b465ee728b)
Start importing Assets/GameFolders/Scripts/Abstracts using Guid(a85c1166991b57e45a1efba9e8381be2) Importer(815301076,1909f56bfc062723c751e8b465ee728b)  -> (artifact id: '555f785d9ca4928b57b9ee3266d7cb98') in 0.008756 seconds
  Import took 0.011676 seconds .

========================================================================
Received Import Request.
  Time since last request: 7.821852 seconds.
  path: Assets/GameFolders/Scripts/Concretes
  artifactKey: Guid(6dd63609525507749bb467e10bf8e5a2) Importer(815301076,1909f56bfc062723c751e8b465ee728b)
Start importing Assets/GameFolders/Scripts/Concretes using Guid(6dd63609525507749bb467e10bf8e5a2) Importer(815301076,1909f56bfc062723c751e8b465ee728b)  -> (artifact id: '5984944a607498b7b7241ad2f0829dec') in 0.009474 seconds
  Import took 0.012467 seconds .

========================================================================
Received Import Request.
  Time since last request: 65.171997 seconds.
  path: Assets/GameFolders/Scripts/Concretes/Controllers
  artifactKey: Guid(f94072fe416035a41aab5805723d402c) Importer(815301076,1909f56bfc062723c751e8b465ee728b)
Start importing Assets/GameFolders/Scripts/Concretes/Controllers using Guid(f94072fe416035a41aab5805723d402c) Importer(815301076,1909f56bfc062723c751e8b465ee728b)  -> (artifact id: '2635a5f66099480125c055be4e1a53c3') in 0.008778 seconds
  Import took 0.011694 seconds .

========================================================================
Received Import Request.
  Time since last request: 11.197003 seconds.
  path: Assets/GameFolders/Scripts/Concretes/Controllers/PlayerController.cs
  artifactKey: Guid(e69c7af87f0c50242b2361239442e916) Importer(815301076,1909f56bfc062723c751e8b465ee728b)
Start importing Assets/GameFolders/Scripts/Concretes/Controllers/PlayerController.cs using Guid(e69c7af87f0c50242b2361239442e916) Importer(815301076,1909f56bfc062723c751e8b465ee728b)  -> (artifact id: '943eb50425a053f49139db542cfa1ccd') in 0.015506 seconds
  Import took 0.018519 seconds .

========================================================================
Received Prepare
Registering precompiled user dll's ...
Registered in 0.000803 seconds.
Begin MonoManager ReloadAssembly
Native extension for WindowsStandalone target not found
Native extension for WebGL target not found
Refreshing native plugins compatible for Editor in 0.44 ms, found 0 plugins.
Preloading 0 native plugins for Editor in 0.00 ms.
Warning: Annotation not found!
UnityEngine.StackTraceUtility:ExtractStackTrace ()
UnityEditor.ProBuilder.EditorUtility:SetGizmoIconEnabled (System.Type,bool) (at Library/PackageCache/com.unity.probuilder@4.4.0/Editor/EditorCore/EditorUtility.cs:593)
UnityEditor.ProBuilder.HierarchyListener:.cctor () (at Library/PackageCache/com.unity.probuilder@4.4.0/Editor/EditorCore/HierarchyListener.cs:21)
System.Runtime.CompilerServices.RuntimeHelpers:RunClassConstructor (System.RuntimeTypeHandle)
UnityEditor.EditorAssemblies:ProcessInitializeOnLoadAttributes (System.Type[])

[Library/PackageCache/com.unity.probuilder@4.4.0/Editor/EditorCore/EditorUtility.cs line 593]

Invoked RoslynAnalysisRunner static constructor.
RoslynAnalysisRunner will not be running.
RoslynAnalysisRunner has terminated.
Mono: successfully reloaded assembly
- Completed reload, in  0.773 seconds
Platform modules already initialized, skipping
Refreshing native plugins compatible for Editor in 0.48 ms, found 0 plugins.
Preloading 0 native plugins for Editor in 0.00 ms.
Unloading 1896 Unused Serialized files (Serialized files now loaded: 0)
System memory in use before: 91.9 MB.
System memory in use after: 91.9 MB.

Unloading 7 unused Assets to reduce memory usage. Loaded Objects now: 2420.
Total: 2.492500 ms (FindLiveObjects: 0.251300 ms CreateObjectMapping: 0.046600 ms MarkObjects: 2.122200 ms  DeleteObjects: 0.071100 ms)

AssetImportWorkerClient::OnTransportError - code=2 error=End of file
